2019-03-04 10:49:58.304  INFO 12610 --- [main] com.hmpo.hmdemo.HmdemoApplication        : Starting HmdemoApplication on hmpo-62rnpn2.managed.hmpo.net with PID 12610 (/home/satyajitsingh/eclipse-workspace/hmdemo/target/classes started by satyajitsingh in /home/satyajitsingh/eclipse-workspace/hmdemo)
2019-03-04 10:49:58.306 DEBUG 12610 --- [main] com.hmpo.hmdemo.HmdemoApplication        : Running with Spring Boot v1.5.4.RELEASE, Spring v4.3.9.RELEASE
2019-03-04 10:49:58.306  INFO 12610 --- [main] com.hmpo.hmdemo.HmdemoApplication        : No active profile set, falling back to default profiles: default
2019-03-04 10:49:58.339  INFO 12610 --- [main] ationConfigEmbeddedWebApplicationContext : Refreshing org.springframework.boot.context.embedded.AnnotationConfigEmbeddedWebApplicationContext@589b3632: startup date [Mon Mar 04 10:49:58 GMT 2019]; root of context hierarchy
2019-03-04 10:49:59.136  INFO 12610 --- [main] s.b.c.e.t.TomcatEmbeddedServletContainer : Tomcat initialized with port(s): 8082 (http)
2019-03-04 10:49:59.142  INFO 12610 --- [main] o.apache.catalina.core.StandardService   : Starting service [Tomcat]
2019-03-04 10:49:59.142  INFO 12610 --- [main] org.apache.catalina.core.StandardEngine  : Starting Servlet Engine: Apache Tomcat/8.5.15
2019-03-04 10:49:59.185  INFO 12610 --- [localhost-startStop-1] o.a.c.c.C.[Tomcat].[localhost].[/]       : Initializing Spring embedded WebApplicationContext
2019-03-04 10:49:59.247  INFO 12610 --- [localhost-startStop-1] o.s.b.w.servlet.ServletRegistrationBean  : Mapping servlet: 'dispatcherServlet' to [/]
2019-03-04 10:49:59.248  INFO 12610 --- [localhost-startStop-1] o.s.b.w.servlet.FilterRegistrationBean   : Mapping filter: 'characterEncodingFilter' to: [/*]
2019-03-04 10:49:59.249  INFO 12610 --- [localhost-startStop-1] o.s.b.w.servlet.FilterRegistrationBean   : Mapping filter: 'hiddenHttpMethodFilter' to: [/*]
2019-03-04 10:49:59.249  INFO 12610 --- [localhost-startStop-1] o.s.b.w.servlet.FilterRegistrationBean   : Mapping filter: 'httpPutFormContentFilter' to: [/*]
2019-03-04 10:49:59.249  INFO 12610 --- [localhost-startStop-1] o.s.b.w.servlet.FilterRegistrationBean   : Mapping filter: 'requestContextFilter' to: [/*]
2019-03-04 10:49:59.580  INFO 12610 --- [main] o.s.j.e.a.AnnotationMBeanExporter        : Registering beans for JMX exposure on startup
2019-03-04 10:49:59.604  INFO 12610 --- [main] s.b.c.e.t.TomcatEmbeddedServletContainer : Tomcat started on port(s): 8082 (http)
2019-03-04 10:49:59.607  INFO 12610 --- [main] com.hmpo.hmdemo.HmdemoApplication        : Started HmdemoApplication in 1.468 seconds (JVM running for 1.801)
2019-03-04 10:50:33.907  INFO 12610 --- [http-nio-8082-exec-1] o.a.c.c.C.[Tomcat].[localhost].[/]       : Initializing Spring FrameworkServlet 'dispatcherServlet'
2019-03-04 10:52:06.420  INFO 12610 --- [RMI TCP Connection(5)-127.0.0.1] inMXBeanRegistrar$SpringApplicationAdmin : Application shutdown requested.
2019-03-04 10:52:06.421  INFO 12610 --- [RMI TCP Connection(5)-127.0.0.1] ationConfigEmbeddedWebApplicationContext : Closing org.springframework.boot.context.embedded.AnnotationConfigEmbeddedWebApplicationContext@589b3632: startup date [Mon Mar 04 10:49:58 GMT 2019]; root of context hierarchy
2019-03-04 10:52:06.425  INFO 12610 --- [RMI TCP Connection(5)-127.0.0.1] o.s.j.e.a.AnnotationMBeanExporter        : Unregistering JMX-exposed beans on shutdown
2019-03-04 10:52:16.280  INFO 12738 --- [main] com.hmpo.hmdemo.HmdemoApplication        : Starting HmdemoApplication on hmpo-62rnpn2.managed.hmpo.net with PID 12738 (/home/satyajitsingh/eclipse-workspace/hmdemo/target/classes started by satyajitsingh in /home/satyajitsingh/eclipse-workspace/hmdemo)
2019-03-04 10:52:16.282 DEBUG 12738 --- [main] com.hmpo.hmdemo.HmdemoApplication        : Running with Spring Boot v1.5.4.RELEASE, Spring v4.3.9.RELEASE
2019-03-04 10:52:16.282  INFO 12738 --- [main] com.hmpo.hmdemo.HmdemoApplication        : No active profile set, falling back to default profiles: default
2019-03-04 10:52:16.310  INFO 12738 --- [main] ationConfigEmbeddedWebApplicationContext : Refreshing org.springframework.boot.context.embedded.AnnotationConfigEmbeddedWebApplicationContext@589b3632: startup date [Mon Mar 04 10:52:16 GMT 2019]; root of context hierarchy
2019-03-04 10:52:17.156  INFO 12738 --- [main] s.b.c.e.t.TomcatEmbeddedServletContainer : Tomcat initialized with port(s): 8082 (http)
2019-03-04 10:52:17.164  INFO 12738 --- [main] o.apache.catalina.core.StandardService   : Starting service [Tomcat]
2019-03-04 10:52:17.165  INFO 12738 --- [main] org.apache.catalina.core.StandardEngine  : Starting Servlet Engine: Apache Tomcat/8.5.15
2019-03-04 10:52:17.216  INFO 12738 --- [localhost-startStop-1] o.a.c.c.C.[Tomcat].[localhost].[/]       : Initializing Spring embedded WebApplicationContext
2019-03-04 10:52:17.286  INFO 12738 --- [localhost-startStop-1] o.s.b.w.servlet.ServletRegistrationBean  : Mapping servlet: 'dispatcherServlet' to [/]
2019-03-04 10:52:17.288  INFO 12738 --- [localhost-startStop-1] o.s.b.w.servlet.FilterRegistrationBean   : Mapping filter: 'characterEncodingFilter' to: [/*]
2019-03-04 10:52:17.289  INFO 12738 --- [localhost-startStop-1] o.s.b.w.servlet.FilterRegistrationBean   : Mapping filter: 'hiddenHttpMethodFilter' to: [/*]
2019-03-04 10:52:17.289  INFO 12738 --- [localhost-startStop-1] o.s.b.w.servlet.FilterRegistrationBean   : Mapping filter: 'httpPutFormContentFilter' to: [/*]
2019-03-04 10:52:17.289  INFO 12738 --- [localhost-startStop-1] o.s.b.w.servlet.FilterRegistrationBean   : Mapping filter: 'requestContextFilter' to: [/*]
2019-03-04 10:52:17.666  INFO 12738 --- [main] o.s.j.e.a.AnnotationMBeanExporter        : Registering beans for JMX exposure on startup
2019-03-04 10:52:17.688  INFO 12738 --- [main] s.b.c.e.t.TomcatEmbeddedServletContainer : Tomcat started on port(s): 8082 (http)
2019-03-04 10:52:17.690  INFO 12738 --- [main] com.hmpo.hmdemo.HmdemoApplication        : Started HmdemoApplication in 1.558 seconds (JVM running for 1.886)
2019-03-04 10:52:23.503  INFO 12738 --- [http-nio-8082-exec-1] o.a.c.c.C.[Tomcat].[localhost].[/]       : Initializing Spring FrameworkServlet 'dispatcherServlet'
2019-03-04 10:54:26.535  INFO 12738 --- [RMI TCP Connection(5)-127.0.0.1] inMXBeanRegistrar$SpringApplicationAdmin : Application shutdown requested.
2019-03-04 10:54:26.535  INFO 12738 --- [RMI TCP Connection(5)-127.0.0.1] ationConfigEmbeddedWebApplicationContext : Closing org.springframework.boot.context.embedded.AnnotationConfigEmbeddedWebApplicationContext@589b3632: startup date [Mon Mar 04 10:52:16 GMT 2019]; root of context hierarchy
2019-03-04 10:54:26.537  INFO 12738 --- [RMI TCP Connection(5)-127.0.0.1] o.s.j.e.a.AnnotationMBeanExporter        : Unregistering JMX-exposed beans on shutdown
2019-03-04 10:54:35.714  INFO 12885 --- [main] com.hmpo.hmdemo.HmdemoApplication        : Starting HmdemoApplication on hmpo-62rnpn2.managed.hmpo.net with PID 12885 (/home/satyajitsingh/eclipse-workspace/hmdemo/target/classes started by satyajitsingh in /home/satyajitsingh/eclipse-workspace/hmdemo)
2019-03-04 10:54:35.715 DEBUG 12885 --- [main] com.hmpo.hmdemo.HmdemoApplication        : Running with Spring Boot v1.5.4.RELEASE, Spring v4.3.9.RELEASE
2019-03-04 10:54:35.715  INFO 12885 --- [main] com.hmpo.hmdemo.HmdemoApplication        : No active profile set, falling back to default profiles: default
2019-03-04 10:54:35.737  INFO 12885 --- [main] ationConfigEmbeddedWebApplicationContext : Refreshing org.springframework.boot.context.embedded.AnnotationConfigEmbeddedWebApplicationContext@589b3632: startup date [Mon Mar 04 10:54:35 GMT 2019]; root of context hierarchy
2019-03-04 10:54:36.346  INFO 12885 --- [main] s.b.c.e.t.TomcatEmbeddedServletContainer : Tomcat initialized with port(s): 8082 (http)
2019-03-04 10:54:36.351  INFO 12885 --- [main] o.apache.catalina.core.StandardService   : Starting service [Tomcat]
2019-03-04 10:54:36.352  INFO 12885 --- [main] org.apache.catalina.core.StandardEngine  : Starting Servlet Engine: Apache Tomcat/8.5.15
2019-03-04 10:54:36.398  INFO 12885 --- [localhost-startStop-1] o.a.c.c.C.[Tomcat].[localhost].[/]       : Initializing Spring embedded WebApplicationContext
2019-03-04 10:54:36.458  INFO 12885 --- [localhost-startStop-1] o.s.b.w.servlet.ServletRegistrationBean  : Mapping servlet: 'dispatcherServlet' to [/]
2019-03-04 10:54:36.460  INFO 12885 --- [localhost-startStop-1] o.s.b.w.servlet.FilterRegistrationBean   : Mapping filter: 'characterEncodingFilter' to: [/*]
2019-03-04 10:54:36.461  INFO 12885 --- [localhost-startStop-1] o.s.b.w.servlet.FilterRegistrationBean   : Mapping filter: 'hiddenHttpMethodFilter' to: [/*]
2019-03-04 10:54:36.461  INFO 12885 --- [localhost-startStop-1] o.s.b.w.servlet.FilterRegistrationBean   : Mapping filter: 'httpPutFormContentFilter' to: [/*]
2019-03-04 10:54:36.461  INFO 12885 --- [localhost-startStop-1] o.s.b.w.servlet.FilterRegistrationBean   : Mapping filter: 'requestContextFilter' to: [/*]
2019-03-04 10:54:36.811  INFO 12885 --- [main] o.s.j.e.a.AnnotationMBeanExporter        : Registering beans for JMX exposure on startup
2019-03-04 10:54:36.839  INFO 12885 --- [main] s.b.c.e.t.TomcatEmbeddedServletContainer : Tomcat started on port(s): 8082 (http)
2019-03-04 10:54:36.843  INFO 12885 --- [main] com.hmpo.hmdemo.HmdemoApplication        : Started HmdemoApplication in 1.242 seconds (JVM running for 1.509)
2019-03-04 10:54:51.092  INFO 12885 --- [RMI TCP Connection(3)-127.0.0.1] inMXBeanRegistrar$SpringApplicationAdmin : Application shutdown requested.
2019-03-04 10:54:51.092  INFO 12885 --- [RMI TCP Connection(3)-127.0.0.1] ationConfigEmbeddedWebApplicationContext : Closing org.springframework.boot.context.embedded.AnnotationConfigEmbeddedWebApplicationContext@589b3632: startup date [Mon Mar 04 10:54:35 GMT 2019]; root of context hierarchy
2019-03-04 10:54:51.094  INFO 12885 --- [RMI TCP Connection(3)-127.0.0.1] o.s.j.e.a.AnnotationMBeanExporter        : Unregistering JMX-exposed beans on shutdown
2019-03-04 10:55:01.799  INFO 12954 --- [main] com.hmpo.hmdemo.HmdemoApplication        : Starting HmdemoApplication on hmpo-62rnpn2.managed.hmpo.net with PID 12954 (/home/satyajitsingh/eclipse-workspace/hmdemo/target/classes started by satyajitsingh in /home/satyajitsingh/eclipse-workspace/hmdemo)
2019-03-04 10:55:01.801 DEBUG 12954 --- [main] com.hmpo.hmdemo.HmdemoApplication        : Running with Spring Boot v1.5.4.RELEASE, Spring v4.3.9.RELEASE
2019-03-04 10:55:01.801  INFO 12954 --- [main] com.hmpo.hmdemo.HmdemoApplication        : No active profile set, falling back to default profiles: default
2019-03-04 10:55:01.832  INFO 12954 --- [main] ationConfigEmbeddedWebApplicationContext : Refreshing org.springframework.boot.context.embedded.AnnotationConfigEmbeddedWebApplicationContext@589b3632: startup date [Mon Mar 04 10:55:01 GMT 2019]; root of context hierarchy
2019-03-04 10:55:02.551  INFO 12954 --- [main] s.b.c.e.t.TomcatEmbeddedServletContainer : Tomcat initialized with port(s): 8082 (http)
2019-03-04 10:55:02.557  INFO 12954 --- [main] o.apache.catalina.core.StandardService   : Starting service [Tomcat]
2019-03-04 10:55:02.558  INFO 12954 --- [main] org.apache.catalina.core.StandardEngine  : Starting Servlet Engine: Apache Tomcat/8.5.15
2019-03-04 10:55:02.599  INFO 12954 --- [localhost-startStop-1] o.a.c.c.C.[Tomcat].[localhost].[/]       : Initializing Spring embedded WebApplicationContext
2019-03-04 10:55:02.657  INFO 12954 --- [localhost-startStop-1] o.s.b.w.servlet.ServletRegistrationBean  : Mapping servlet: 'dispatcherServlet' to [/]
2019-03-04 10:55:02.659  INFO 12954 --- [localhost-startStop-1] o.s.b.w.servlet.FilterRegistrationBean   : Mapping filter: 'characterEncodingFilter' to: [/*]
2019-03-04 10:55:02.659  INFO 12954 --- [localhost-startStop-1] o.s.b.w.servlet.FilterRegistrationBean   : Mapping filter: 'hiddenHttpMethodFilter' to: [/*]
2019-03-04 10:55:02.659  INFO 12954 --- [localhost-startStop-1] o.s.b.w.servlet.FilterRegistrationBean   : Mapping filter: 'httpPutFormContentFilter' to: [/*]
2019-03-04 10:55:02.659  INFO 12954 --- [localhost-startStop-1] o.s.b.w.servlet.FilterRegistrationBean   : Mapping filter: 'requestContextFilter' to: [/*]
2019-03-04 10:55:02.972  INFO 12954 --- [main] o.s.j.e.a.AnnotationMBeanExporter        : Registering beans for JMX exposure on startup
2019-03-04 10:55:02.993  INFO 12954 --- [main] s.b.c.e.t.TomcatEmbeddedServletContainer : Tomcat started on port(s): 8082 (http)
2019-03-04 10:55:02.996  INFO 12954 --- [main] com.hmpo.hmdemo.HmdemoApplication        : Started HmdemoApplication in 1.349 seconds (JVM running for 1.679)
2019-03-04 10:55:40.947  INFO 12954 --- [http-nio-8082-exec-1] o.a.c.c.C.[Tomcat].[localhost].[/]       : Initializing Spring FrameworkServlet 'dispatcherServlet'
2019-03-04 11:10:11.869  INFO 12954 --- [RMI TCP Connection(18)-127.0.0.1] inMXBeanRegistrar$SpringApplicationAdmin : Application shutdown requested.
2019-03-04 11:10:11.869  INFO 12954 --- [RMI TCP Connection(18)-127.0.0.1] ationConfigEmbeddedWebApplicationContext : Closing org.springframework.boot.context.embedded.AnnotationConfigEmbeddedWebApplicationContext@589b3632: startup date [Mon Mar 04 10:55:01 GMT 2019]; root of context hierarchy
2019-03-04 11:10:11.871  INFO 12954 --- [RMI TCP Connection(18)-127.0.0.1] o.s.j.e.a.AnnotationMBeanExporter        : Unregistering JMX-exposed beans on shutdown
2019-03-04 11:10:22.330  INFO 14129 --- [main] com.hmpo.hmdemo.HmdemoApplication        : Starting HmdemoApplication on hmpo-62rnpn2.managed.hmpo.net with PID 14129 (/home/satyajitsingh/eclipse-workspace/hmdemo/target/classes started by satyajitsingh in /home/satyajitsingh/eclipse-workspace/hmdemo)
2019-03-04 11:10:22.332 DEBUG 14129 --- [main] com.hmpo.hmdemo.HmdemoApplication        : Running with Spring Boot v1.5.4.RELEASE, Spring v4.3.9.RELEASE
2019-03-04 11:10:22.332  INFO 14129 --- [main] com.hmpo.hmdemo.HmdemoApplication        : No active profile set, falling back to default profiles: default
2019-03-04 11:10:22.355  INFO 14129 --- [main] ationConfigEmbeddedWebApplicationContext : Refreshing org.springframework.boot.context.embedded.AnnotationConfigEmbeddedWebApplicationContext@589b3632: startup date [Mon Mar 04 11:10:22 GMT 2019]; root of context hierarchy
2019-03-04 11:10:22.958  INFO 14129 --- [main] s.b.c.e.t.TomcatEmbeddedServletContainer : Tomcat initialized with port(s): 8082 (http)
2019-03-04 11:10:22.964  INFO 14129 --- [main] o.apache.catalina.core.StandardService   : Starting service [Tomcat]
2019-03-04 11:10:22.964  INFO 14129 --- [main] org.apache.catalina.core.StandardEngine  : Starting Servlet Engine: Apache Tomcat/8.5.15
2019-03-04 11:10:23.013  INFO 14129 --- [localhost-startStop-1] o.a.c.c.C.[Tomcat].[localhost].[/]       : Initializing Spring embedded WebApplicationContext
2019-03-04 11:10:23.073  INFO 14129 --- [localhost-startStop-1] o.s.b.w.servlet.ServletRegistrationBean  : Mapping servlet: 'dispatcherServlet' to [/]
2019-03-04 11:10:23.074  INFO 14129 --- [localhost-startStop-1] o.s.b.w.servlet.FilterRegistrationBean   : Mapping filter: 'characterEncodingFilter' to: [/*]
2019-03-04 11:10:23.075  INFO 14129 --- [localhost-startStop-1] o.s.b.w.servlet.FilterRegistrationBean   : Mapping filter: 'hiddenHttpMethodFilter' to: [/*]
2019-03-04 11:10:23.075  INFO 14129 --- [localhost-startStop-1] o.s.b.w.servlet.FilterRegistrationBean   : Mapping filter: 'httpPutFormContentFilter' to: [/*]
2019-03-04 11:10:23.075  INFO 14129 --- [localhost-startStop-1] o.s.b.w.servlet.FilterRegistrationBean   : Mapping filter: 'requestContextFilter' to: [/*]
2019-03-04 11:10:23.417  INFO 14129 --- [main] o.s.j.e.a.AnnotationMBeanExporter        : Registering beans for JMX exposure on startup
2019-03-04 11:10:23.444  INFO 14129 --- [main] s.b.c.e.t.TomcatEmbeddedServletContainer : Tomcat started on port(s): 8082 (http)
2019-03-04 11:10:23.446  INFO 14129 --- [main] com.hmpo.hmdemo.HmdemoApplication        : Started HmdemoApplication in 1.23 seconds (JVM running for 1.507)
2019-03-04 11:12:15.306  INFO 14129 --- [http-nio-8082-exec-1] o.a.c.c.C.[Tomcat].[localhost].[/]       : Initializing Spring FrameworkServlet 'dispatcherServlet'
2019-03-04 11:30:21.632  INFO 14129 --- [RMI TCP Connection(22)-127.0.0.1] inMXBeanRegistrar$SpringApplicationAdmin : Application shutdown requested.
2019-03-04 11:30:21.633  INFO 14129 --- [RMI TCP Connection(22)-127.0.0.1] ationConfigEmbeddedWebApplicationContext : Closing org.springframework.boot.context.embedded.AnnotationConfigEmbeddedWebApplicationContext@589b3632: startup date [Mon Mar 04 11:10:22 GMT 2019]; root of context hierarchy
2019-03-04 11:30:21.634  INFO 14129 --- [RMI TCP Connection(22)-127.0.0.1] o.s.j.e.a.AnnotationMBeanExporter        : Unregistering JMX-exposed beans on shutdown
2019-03-04 11:30:32.222  INFO 15045 --- [main] com.hmpo.hmdemo.HmdemoApplication        : Starting HmdemoApplication on hmpo-62rnpn2.managed.hmpo.net with PID 15045 (/home/satyajitsingh/eclipse-workspace/hmdemo/target/classes started by satyajitsingh in /home/satyajitsingh/eclipse-workspace/hmdemo)
2019-03-04 11:30:32.224 DEBUG 15045 --- [main] com.hmpo.hmdemo.HmdemoApplication        : Running with Spring Boot v1.5.4.RELEASE, Spring v4.3.9.RELEASE
2019-03-04 11:30:32.224  INFO 15045 --- [main] com.hmpo.hmdemo.HmdemoApplication        : No active profile set, falling back to default profiles: default
2019-03-04 11:30:32.259  INFO 15045 --- [main] ationConfigEmbeddedWebApplicationContext : Refreshing org.springframework.boot.context.embedded.AnnotationConfigEmbeddedWebApplicationContext@589b3632: startup date [Mon Mar 04 11:30:32 GMT 2019]; root of context hierarchy
2019-03-04 11:30:33.098  INFO 15045 --- [main] s.b.c.e.t.TomcatEmbeddedServletContainer : Tomcat initialized with port(s): 8082 (http)
2019-03-04 11:30:33.104  INFO 15045 --- [main] o.apache.catalina.core.StandardService   : Starting service [Tomcat]
2019-03-04 11:30:33.105  INFO 15045 --- [main] org.apache.catalina.core.StandardEngine  : Starting Servlet Engine: Apache Tomcat/8.5.15
2019-03-04 11:30:33.148  INFO 15045 --- [localhost-startStop-1] o.a.c.c.C.[Tomcat].[localhost].[/]       : Initializing Spring embedded WebApplicationContext
2019-03-04 11:30:33.217  INFO 15045 --- [localhost-startStop-1] o.s.b.w.servlet.ServletRegistrationBean  : Mapping servlet: 'dispatcherServlet' to [/]
2019-03-04 11:30:33.219  INFO 15045 --- [localhost-startStop-1] o.s.b.w.servlet.FilterRegistrationBean   : Mapping filter: 'characterEncodingFilter' to: [/*]
2019-03-04 11:30:33.219  INFO 15045 --- [localhost-startStop-1] o.s.b.w.servlet.FilterRegistrationBean   : Mapping filter: 'hiddenHttpMethodFilter' to: [/*]
2019-03-04 11:30:33.220  INFO 15045 --- [localhost-startStop-1] o.s.b.w.servlet.FilterRegistrationBean   : Mapping filter: 'httpPutFormContentFilter' to: [/*]
2019-03-04 11:30:33.220  INFO 15045 --- [localhost-startStop-1] o.s.b.w.servlet.FilterRegistrationBean   : Mapping filter: 'requestContextFilter' to: [/*]
2019-03-04 11:30:33.536  INFO 15045 --- [main] o.s.j.e.a.AnnotationMBeanExporter        : Registering beans for JMX exposure on startup
2019-03-04 11:30:33.558  INFO 15045 --- [main] s.b.c.e.t.TomcatEmbeddedServletContainer : Tomcat started on port(s): 8082 (http)
2019-03-04 11:30:33.560  INFO 15045 --- [main] com.hmpo.hmdemo.HmdemoApplication        : Started HmdemoApplication in 1.509 seconds (JVM running for 1.855)
2019-03-04 11:30:52.896  INFO 15045 --- [http-nio-8082-exec-1] o.a.c.c.C.[Tomcat].[localhost].[/]       : Initializing Spring FrameworkServlet 'dispatcherServlet'
2019-03-04 11:41:57.814  INFO 15045 --- [RMI TCP Connection(15)-127.0.0.1] inMXBeanRegistrar$SpringApplicationAdmin : Application shutdown requested.
2019-03-04 11:41:57.816  INFO 15045 --- [RMI TCP Connection(15)-127.0.0.1] ationConfigEmbeddedWebApplicationContext : Closing org.springframework.boot.context.embedded.AnnotationConfigEmbeddedWebApplicationContext@589b3632: startup date [Mon Mar 04 11:30:32 GMT 2019]; root of context hierarchy
2019-03-04 11:41:57.820  INFO 15045 --- [RMI TCP Connection(15)-127.0.0.1] o.s.j.e.a.AnnotationMBeanExporter        : Unregistering JMX-exposed beans on shutdown
2019-03-04 11:42:09.045  INFO 15413 --- [main] com.hmpo.hmdemo.HmdemoApplication        : Starting HmdemoApplication on hmpo-62rnpn2.managed.hmpo.net with PID 15413 (/home/satyajitsingh/eclipse-workspace/hmdemo/target/classes started by satyajitsingh in /home/satyajitsingh/eclipse-workspace/hmdemo)
2019-03-04 11:42:09.047 DEBUG 15413 --- [main] com.hmpo.hmdemo.HmdemoApplication        : Running with Spring Boot v1.5.4.RELEASE, Spring v4.3.9.RELEASE
2019-03-04 11:42:09.048  INFO 15413 --- [main] com.hmpo.hmdemo.HmdemoApplication        : No active profile set, falling back to default profiles: default
2019-03-04 11:42:09.076  INFO 15413 --- [main] ationConfigEmbeddedWebApplicationContext : Refreshing org.springframework.boot.context.embedded.AnnotationConfigEmbeddedWebApplicationContext@589b3632: startup date [Mon Mar 04 11:42:09 GMT 2019]; root of context hierarchy
2019-03-04 11:42:09.829  INFO 15413 --- [main] s.b.c.e.t.TomcatEmbeddedServletContainer : Tomcat initialized with port(s): 8082 (http)
2019-03-04 11:42:09.835  INFO 15413 --- [main] o.apache.catalina.core.StandardService   : Starting service [Tomcat]
2019-03-04 11:42:09.836  INFO 15413 --- [main] org.apache.catalina.core.StandardEngine  : Starting Servlet Engine: Apache Tomcat/8.5.15
2019-03-04 11:42:09.878  INFO 15413 --- [localhost-startStop-1] o.a.c.c.C.[Tomcat].[localhost].[/]       : Initializing Spring embedded WebApplicationContext
2019-03-04 11:42:09.937  INFO 15413 --- [localhost-startStop-1] o.s.b.w.servlet.ServletRegistrationBean  : Mapping servlet: 'dispatcherServlet' to [/]
2019-03-04 11:42:09.938  INFO 15413 --- [localhost-startStop-1] o.s.b.w.servlet.FilterRegistrationBean   : Mapping filter: 'characterEncodingFilter' to: [/*]
2019-03-04 11:42:09.939  INFO 15413 --- [localhost-startStop-1] o.s.b.w.servlet.FilterRegistrationBean   : Mapping filter: 'hiddenHttpMethodFilter' to: [/*]
2019-03-04 11:42:09.939  INFO 15413 --- [localhost-startStop-1] o.s.b.w.servlet.FilterRegistrationBean   : Mapping filter: 'httpPutFormContentFilter' to: [/*]
2019-03-04 11:42:09.939  INFO 15413 --- [localhost-startStop-1] o.s.b.w.servlet.FilterRegistrationBean   : Mapping filter: 'requestContextFilter' to: [/*]
2019-03-04 11:42:10.240  INFO 15413 --- [main] o.s.j.e.a.AnnotationMBeanExporter        : Registering beans for JMX exposure on startup
2019-03-04 11:42:10.261  INFO 15413 --- [main] s.b.c.e.t.TomcatEmbeddedServletContainer : Tomcat started on port(s): 8082 (http)
2019-03-04 11:42:10.263  INFO 15413 --- [main] com.hmpo.hmdemo.HmdemoApplication        : Started HmdemoApplication in 1.378 seconds (JVM running for 1.748)
2019-03-04 11:47:29.426  INFO 15413 --- [http-nio-8082-exec-1] o.a.c.c.C.[Tomcat].[localhost].[/]       : Initializing Spring FrameworkServlet 'dispatcherServlet'
2019-03-04 12:16:41.524  INFO 15413 --- [RMI TCP Connection(37)-127.0.0.1] inMXBeanRegistrar$SpringApplicationAdmin : Application shutdown requested.
2019-03-04 12:16:41.525  INFO 15413 --- [RMI TCP Connection(37)-127.0.0.1] ationConfigEmbeddedWebApplicationContext : Closing org.springframework.boot.context.embedded.AnnotationConfigEmbeddedWebApplicationContext@589b3632: startup date [Mon Mar 04 11:42:09 GMT 2019]; root of context hierarchy
2019-03-04 12:16:41.529  INFO 15413 --- [RMI TCP Connection(37)-127.0.0.1] o.s.j.e.a.AnnotationMBeanExporter        : Unregistering JMX-exposed beans on shutdown
2019-03-04 13:07:19.447  INFO 19886 --- [main] com.hmpo.hmdemo.HmdemoApplicationTests   : Starting HmdemoApplicationTests on hmpo-62rnpn2.managed.hmpo.net with PID 19886 (started by satyajitsingh in /home/satyajitsingh/eclipse-workspace/hmdemo)
2019-03-04 13:07:19.448 DEBUG 19886 --- [main] com.hmpo.hmdemo.HmdemoApplicationTests   : Running with Spring Boot v1.5.4.RELEASE, Spring v4.3.9.RELEASE
2019-03-04 13:07:19.448  INFO 19886 --- [main] com.hmpo.hmdemo.HmdemoApplicationTests   : No active profile set, falling back to default profiles: default
2019-03-04 13:07:21.082  INFO 19886 --- [main] com.hmpo.hmdemo.HmdemoApplicationTests   : Started HmdemoApplicationTests in 1.88 seconds (JVM running for 2.452)
2019-03-04 13:46:47.637  INFO 20699 --- [main] com.hmpo.hmdemo.HmdemoApplicationTests   : Starting HmdemoApplicationTests on hmpo-62rnpn2.managed.hmpo.net with PID 20699 (started by satyajitsingh in /home/satyajitsingh/eclipse-workspace/hmdemo)
2019-03-04 13:46:47.638 DEBUG 20699 --- [main] com.hmpo.hmdemo.HmdemoApplicationTests   : Running with Spring Boot v1.5.4.RELEASE, Spring v4.3.9.RELEASE
2019-03-04 13:46:47.639  INFO 20699 --- [main] com.hmpo.hmdemo.HmdemoApplicationTests   : No active profile set, falling back to default profiles: default
2019-03-04 13:46:49.241  INFO 20699 --- [main] com.hmpo.hmdemo.HmdemoApplicationTests   : Started HmdemoApplicationTests in 1.83 seconds (JVM running for 2.353)
2019-03-04 14:15:42.749  INFO 5182 --- [main] com.hmpo.hmdemo.HmdemoApplicationTests   : Starting HmdemoApplicationTests on hmpo-62rnpn2.managed.hmpo.net with PID 5182 (started by satyajitsingh in /home/satyajitsingh/eclipse-workspace/hmdemo)
2019-03-04 14:15:42.750 DEBUG 5182 --- [main] com.hmpo.hmdemo.HmdemoApplicationTests   : Running with Spring Boot v1.5.4.RELEASE, Spring v4.3.9.RELEASE
2019-03-04 14:15:42.750  INFO 5182 --- [main] com.hmpo.hmdemo.HmdemoApplicationTests   : No active profile set, falling back to default profiles: default
2019-03-04 14:15:44.312  INFO 5182 --- [main] com.hmpo.hmdemo.HmdemoApplicationTests   : Started HmdemoApplicationTests in 1.884 seconds (JVM running for 2.563)
2019-03-04 14:16:34.429  INFO 5274 --- [main] com.hmpo.hmdemo.HmdemoApplicationTests   : Starting HmdemoApplicationTests on hmpo-62rnpn2.managed.hmpo.net with PID 5274 (started by satyajitsingh in /home/satyajitsingh/eclipse-workspace/hmdemo)
2019-03-04 14:16:34.430 DEBUG 5274 --- [main] com.hmpo.hmdemo.HmdemoApplicationTests   : Running with Spring Boot v1.5.4.RELEASE, Spring v4.3.9.RELEASE
2019-03-04 14:16:34.430  INFO 5274 --- [main] com.hmpo.hmdemo.HmdemoApplicationTests   : No active profile set, falling back to default profiles: default
2019-03-04 14:16:35.907  INFO 5274 --- [main] com.hmpo.hmdemo.HmdemoApplicationTests   : Started HmdemoApplicationTests in 1.711 seconds (JVM running for 2.239)
2019-03-04 14:16:50.397  INFO 5316 --- [main] com.hmpo.hmdemo.HmdemoApplicationTests   : Starting HmdemoApplicationTests on hmpo-62rnpn2.managed.hmpo.net with PID 5316 (started by satyajitsingh in /home/satyajitsingh/eclipse-workspace/hmdemo)
2019-03-04 14:16:50.398 DEBUG 5316 --- [main] com.hmpo.hmdemo.HmdemoApplicationTests   : Running with Spring Boot v1.5.4.RELEASE, Spring v4.3.9.RELEASE
2019-03-04 14:16:50.398  INFO 5316 --- [main] com.hmpo.hmdemo.HmdemoApplicationTests   : No active profile set, falling back to default profiles: default
2019-03-04 14:16:51.745  INFO 5316 --- [main] com.hmpo.hmdemo.HmdemoApplicationTests   : Started HmdemoApplicationTests in 1.579 seconds (JVM running for 2.169)
2019-03-04 14:19:23.039  INFO 6243 --- [main] com.hmpo.hmdemo.HmdemoApplicationTests   : Starting HmdemoApplicationTests on hmpo-62rnpn2.managed.hmpo.net with PID 6243 (started by satyajitsingh in /home/satyajitsingh/eclipse-workspace/hmdemo)
2019-03-04 14:19:23.040 DEBUG 6243 --- [main] com.hmpo.hmdemo.HmdemoApplicationTests   : Running with Spring Boot v1.5.4.RELEASE, Spring v4.3.9.RELEASE
2019-03-04 14:19:23.041  INFO 6243 --- [main] com.hmpo.hmdemo.HmdemoApplicationTests   : No active profile set, falling back to default profiles: default
2019-03-04 14:19:24.662  INFO 6243 --- [main] com.hmpo.hmdemo.HmdemoApplicationTests   : Started HmdemoApplicationTests in 1.877 seconds (JVM running for 2.345)
2019-03-04 14:19:31.584  INFO 6284 --- [main] com.hmpo.hmdemo.HmdemoApplicationTests   : Starting HmdemoApplicationTests on hmpo-62rnpn2.managed.hmpo.net with PID 6284 (started by satyajitsingh in /home/satyajitsingh/eclipse-workspace/hmdemo)
2019-03-04 14:19:31.584 DEBUG 6284 --- [main] com.hmpo.hmdemo.HmdemoApplicationTests   : Running with Spring Boot v1.5.4.RELEASE, Spring v4.3.9.RELEASE
2019-03-04 14:19:31.584  INFO 6284 --- [main] com.hmpo.hmdemo.HmdemoApplicationTests   : No active profile set, falling back to default profiles: default
2019-03-04 14:19:32.957  INFO 6284 --- [main] com.hmpo.hmdemo.HmdemoApplicationTests   : Started HmdemoApplicationTests in 1.59 seconds (JVM running for 2.004)
2019-03-04 14:20:06.288  INFO 6340 --- [main] com.hmpo.hmdemo.HmdemoApplicationTests   : Starting HmdemoApplicationTests on hmpo-62rnpn2.managed.hmpo.net with PID 6340 (started by satyajitsingh in /home/satyajitsingh/eclipse-workspace/hmdemo)
2019-03-04 14:20:06.289 DEBUG 6340 --- [main] com.hmpo.hmdemo.HmdemoApplicationTests   : Running with Spring Boot v1.5.4.RELEASE, Spring v4.3.9.RELEASE
2019-03-04 14:20:06.290  INFO 6340 --- [main] com.hmpo.hmdemo.HmdemoApplicationTests   : No active profile set, falling back to default profiles: default
2019-03-04 14:20:07.732  INFO 6340 --- [main] com.hmpo.hmdemo.HmdemoApplicationTests   : Started HmdemoApplicationTests in 1.71 seconds (JVM running for 2.215)
2019-03-04 14:26:57.706  INFO 6665 --- [main] com.hmpo.hmdemo.HmdemoApplicationTests   : Starting HmdemoApplicationTests on hmpo-62rnpn2.managed.hmpo.net with PID 6665 (started by satyajitsingh in /home/satyajitsingh/eclipse-workspace/hmdemo)
2019-03-04 14:26:57.707 DEBUG 6665 --- [main] com.hmpo.hmdemo.HmdemoApplicationTests   : Running with Spring Boot v1.5.4.RELEASE, Spring v4.3.9.RELEASE
2019-03-04 14:26:57.708  INFO 6665 --- [main] com.hmpo.hmdemo.HmdemoApplicationTests   : No active profile set, falling back to default profiles: default
2019-03-04 14:26:59.300  INFO 6665 --- [main] com.hmpo.hmdemo.HmdemoApplicationTests   : Started HmdemoApplicationTests in 1.82 seconds (JVM running for 2.31)
2019-03-04 14:32:14.787  INFO 7046 --- [main] com.hmpo.hmdemo.HmdemoApplication        : Starting HmdemoApplication on hmpo-62rnpn2.managed.hmpo.net with PID 7046 (/home/satyajitsingh/eclipse-workspace/hmdemo/target/classes started by satyajitsingh in /home/satyajitsingh/eclipse-workspace/hmdemo)
2019-03-04 14:32:14.789 DEBUG 7046 --- [main] com.hmpo.hmdemo.HmdemoApplication        : Running with Spring Boot v1.5.4.RELEASE, Spring v4.3.9.RELEASE
2019-03-04 14:32:14.789  INFO 7046 --- [main] com.hmpo.hmdemo.HmdemoApplication        : No active profile set, falling back to default profiles: default
2019-03-04 14:32:14.813  INFO 7046 --- [main] ationConfigEmbeddedWebApplicationContext : Refreshing org.springframework.boot.context.embedded.AnnotationConfigEmbeddedWebApplicationContext@589b3632: startup date [Mon Mar 04 14:32:14 GMT 2019]; root of context hierarchy
2019-03-04 14:32:15.405  INFO 7046 --- [main] s.b.c.e.t.TomcatEmbeddedServletContainer : Tomcat initialized with port(s): 8082 (http)
2019-03-04 14:32:15.411  INFO 7046 --- [main] o.apache.catalina.core.StandardService   : Starting service [Tomcat]
2019-03-04 14:32:15.412  INFO 7046 --- [main] org.apache.catalina.core.StandardEngine  : Starting Servlet Engine: Apache Tomcat/8.5.15
2019-03-04 14:32:15.458  INFO 7046 --- [localhost-startStop-1] o.a.c.c.C.[Tomcat].[localhost].[/]       : Initializing Spring embedded WebApplicationContext
2019-03-04 14:32:15.515  INFO 7046 --- [localhost-startStop-1] o.s.b.w.servlet.ServletRegistrationBean  : Mapping servlet: 'dispatcherServlet' to [/]
2019-03-04 14:32:15.516  INFO 7046 --- [localhost-startStop-1] o.s.b.w.servlet.FilterRegistrationBean   : Mapping filter: 'characterEncodingFilter' to: [/*]
2019-03-04 14:32:15.516  INFO 7046 --- [localhost-startStop-1] o.s.b.w.servlet.FilterRegistrationBean   : Mapping filter: 'hiddenHttpMethodFilter' to: [/*]
2019-03-04 14:32:15.516  INFO 7046 --- [localhost-startStop-1] o.s.b.w.servlet.FilterRegistrationBean   : Mapping filter: 'httpPutFormContentFilter' to: [/*]
2019-03-04 14:32:15.516  INFO 7046 --- [localhost-startStop-1] o.s.b.w.servlet.FilterRegistrationBean   : Mapping filter: 'requestContextFilter' to: [/*]
2019-03-04 14:32:15.847  INFO 7046 --- [main] o.s.j.e.a.AnnotationMBeanExporter        : Registering beans for JMX exposure on startup
2019-03-04 14:32:15.874  INFO 7046 --- [main] s.b.c.e.t.TomcatEmbeddedServletContainer : Tomcat started on port(s): 8082 (http)
2019-03-04 14:32:15.877  INFO 7046 --- [main] com.hmpo.hmdemo.HmdemoApplication        : Started HmdemoApplication in 1.21 seconds (JVM running for 1.589)
2019-03-04 14:32:47.140  INFO 7046 --- [http-nio-8082-exec-1] o.a.c.c.C.[Tomcat].[localhost].[/]       : Initializing Spring FrameworkServlet 'dispatcherServlet'
2019-03-04 14:50:18.990  INFO 7046 --- [RMI TCP Connection(21)-127.0.0.1] inMXBeanRegistrar$SpringApplicationAdmin : Application shutdown requested.
2019-03-04 14:50:18.991  INFO 7046 --- [RMI TCP Connection(21)-127.0.0.1] ationConfigEmbeddedWebApplicationContext : Closing org.springframework.boot.context.embedded.AnnotationConfigEmbeddedWebApplicationContext@589b3632: startup date [Mon Mar 04 14:32:14 GMT 2019]; root of context hierarchy
2019-03-04 14:50:18.992  INFO 7046 --- [RMI TCP Connection(21)-127.0.0.1] o.s.j.e.a.AnnotationMBeanExporter        : Unregistering JMX-exposed beans on shutdown
2019-03-04 14:59:09.283  INFO 8433 --- [main] com.hmpo.hmdemo.HmdemoApplicationTests   : Starting HmdemoApplicationTests on hmpo-62rnpn2.managed.hmpo.net with PID 8433 (started by satyajitsingh in /home/satyajitsingh/eclipse-workspace/hmdemo)
2019-03-04 14:59:09.285 DEBUG 8433 --- [main] com.hmpo.hmdemo.HmdemoApplicationTests   : Running with Spring Boot v1.5.4.RELEASE, Spring v4.3.9.RELEASE
2019-03-04 14:59:09.285  INFO 8433 --- [main] com.hmpo.hmdemo.HmdemoApplicationTests   : No active profile set, falling back to default profiles: default
2019-03-04 14:59:11.305  INFO 8433 --- [main] com.hmpo.hmdemo.HmdemoApplicationTests   : Started HmdemoApplicationTests in 2.456 seconds (JVM running for 4.324)
2019-03-04 15:00:33.224  INFO 8506 --- [main] com.hmpo.hmdemo.HmdemoApplicationTests   : Starting HmdemoApplicationTests on hmpo-62rnpn2.managed.hmpo.net with PID 8506 (started by satyajitsingh in /home/satyajitsingh/eclipse-workspace/hmdemo)
2019-03-04 15:00:33.225 DEBUG 8506 --- [main] com.hmpo.hmdemo.HmdemoApplicationTests   : Running with Spring Boot v1.5.4.RELEASE, Spring v4.3.9.RELEASE
2019-03-04 15:00:33.226  INFO 8506 --- [main] com.hmpo.hmdemo.HmdemoApplicationTests   : No active profile set, falling back to default profiles: default
2019-03-04 15:00:35.409  INFO 8506 --- [main] com.hmpo.hmdemo.HmdemoApplicationTests   : Started HmdemoApplicationTests in 2.591 seconds (JVM running for 4.186)
2019-03-04 15:01:37.236  INFO 8570 --- [main] com.hmpo.hmdemo.HmdemoApplicationTests   : Starting HmdemoApplicationTests on hmpo-62rnpn2.managed.hmpo.net with PID 8570 (started by satyajitsingh in /home/satyajitsingh/eclipse-workspace/hmdemo)
2019-03-04 15:01:37.239 DEBUG 8570 --- [main] com.hmpo.hmdemo.HmdemoApplicationTests   : Running with Spring Boot v1.5.4.RELEASE, Spring v4.3.9.RELEASE
2019-03-04 15:01:37.239  INFO 8570 --- [main] com.hmpo.hmdemo.HmdemoApplicationTests   : No active profile set, falling back to default profiles: default
2019-03-04 15:01:39.600  INFO 8570 --- [main] com.hmpo.hmdemo.HmdemoApplicationTests   : Started HmdemoApplicationTests in 2.771 seconds (JVM running for 4.367)
2019-03-04 15:03:45.507  INFO 8618 --- [main] com.hmpo.hmdemo.HmdemoApplicationTests   : Starting HmdemoApplicationTests on hmpo-62rnpn2.managed.hmpo.net with PID 8618 (started by satyajitsingh in /home/satyajitsingh/eclipse-workspace/hmdemo)
2019-03-04 15:03:45.508 DEBUG 8618 --- [main] com.hmpo.hmdemo.HmdemoApplicationTests   : Running with Spring Boot v1.5.4.RELEASE, Spring v4.3.9.RELEASE
2019-03-04 15:03:45.509  INFO 8618 --- [main] com.hmpo.hmdemo.HmdemoApplicationTests   : No active profile set, falling back to default profiles: default
2019-03-04 15:03:47.403  INFO 8618 --- [main] com.hmpo.hmdemo.HmdemoApplicationTests   : Started HmdemoApplicationTests in 2.294 seconds (JVM running for 3.722)
2019-03-04 15:07:14.520  INFO 8897 --- [main] com.hmpo.hmdemo.HmdemoApplication        : Starting HmdemoApplication on hmpo-62rnpn2.managed.hmpo.net with PID 8897 (/home/satyajitsingh/eclipse-workspace/hmdemo/target/classes started by satyajitsingh in /home/satyajitsingh/eclipse-workspace/hmdemo)
2019-03-04 15:07:14.522 DEBUG 8897 --- [main] com.hmpo.hmdemo.HmdemoApplication        : Running with Spring Boot v1.5.4.RELEASE, Spring v4.3.9.RELEASE
2019-03-04 15:07:14.522  INFO 8897 --- [main] com.hmpo.hmdemo.HmdemoApplication        : No active profile set, falling back to default profiles: default
2019-03-04 15:07:14.565  INFO 8897 --- [main] ationConfigEmbeddedWebApplicationContext : Refreshing org.springframework.boot.context.embedded.AnnotationConfigEmbeddedWebApplicationContext@78a2da20: startup date [Mon Mar 04 15:07:14 GMT 2019]; root of context hierarchy
2019-03-04 15:07:15.786  INFO 8897 --- [main] s.b.c.e.t.TomcatEmbeddedServletContainer : Tomcat initialized with port(s): 8082 (http)
2019-03-04 15:07:15.802  INFO 8897 --- [main] o.apache.catalina.core.StandardService   : Starting service [Tomcat]
2019-03-04 15:07:15.804  INFO 8897 --- [main] org.apache.catalina.core.StandardEngine  : Starting Servlet Engine: Apache Tomcat/8.5.15
2019-03-04 15:07:15.912  INFO 8897 --- [localhost-startStop-1] o.a.c.c.C.[Tomcat].[localhost].[/]       : Initializing Spring embedded WebApplicationContext
2019-03-04 15:07:16.021  INFO 8897 --- [localhost-startStop-1] o.s.b.w.servlet.ServletRegistrationBean  : Mapping servlet: 'dispatcherServlet' to [/]
2019-03-04 15:07:16.024  INFO 8897 --- [localhost-startStop-1] o.s.b.w.servlet.FilterRegistrationBean   : Mapping filter: 'characterEncodingFilter' to: [/*]
2019-03-04 15:07:16.024  INFO 8897 --- [localhost-startStop-1] o.s.b.w.servlet.FilterRegistrationBean   : Mapping filter: 'hiddenHttpMethodFilter' to: [/*]
2019-03-04 15:07:16.025  INFO 8897 --- [localhost-startStop-1] o.s.b.w.servlet.FilterRegistrationBean   : Mapping filter: 'httpPutFormContentFilter' to: [/*]
2019-03-04 15:07:16.025  INFO 8897 --- [localhost-startStop-1] o.s.b.w.servlet.FilterRegistrationBean   : Mapping filter: 'requestContextFilter' to: [/*]
2019-03-04 15:07:16.518  INFO 8897 --- [main] o.s.j.e.a.AnnotationMBeanExporter        : Registering beans for JMX exposure on startup
2019-03-04 15:07:16.572  INFO 8897 --- [main] s.b.c.e.t.TomcatEmbeddedServletContainer : Tomcat started on port(s): 8082 (http)
2019-03-04 15:07:16.578  INFO 8897 --- [main] com.hmpo.hmdemo.HmdemoApplication        : Started HmdemoApplication in 2.252 seconds (JVM running for 2.462)
2019-03-04 15:16:34.899  INFO 9354 --- [main] com.hmpo.hmdemo.HmdemoApplicationTests   : Starting HmdemoApplicationTests on hmpo-62rnpn2.managed.hmpo.net with PID 9354 (started by satyajitsingh in /home/satyajitsingh/eclipse-workspace/hmdemo)
2019-03-04 15:16:34.900 DEBUG 9354 --- [main] com.hmpo.hmdemo.HmdemoApplicationTests   : Running with Spring Boot v1.5.4.RELEASE, Spring v4.3.9.RELEASE
2019-03-04 15:16:34.900  INFO 9354 --- [main] com.hmpo.hmdemo.HmdemoApplicationTests   : No active profile set, falling back to default profiles: default
2019-03-04 15:16:36.269  INFO 9354 --- [main] com.hmpo.hmdemo.HmdemoApplicationTests   : Started HmdemoApplicationTests in 1.526 seconds (JVM running for 2.008)
2019-03-04 15:18:48.234  INFO 9498 --- [main] com.hmpo.hmdemo.HmdemoApplicationTests   : Starting HmdemoApplicationTests on hmpo-62rnpn2.managed.hmpo.net with PID 9498 (started by satyajitsingh in /home/satyajitsingh/eclipse-workspace/hmdemo)
2019-03-04 15:18:48.235 DEBUG 9498 --- [main] com.hmpo.hmdemo.HmdemoApplicationTests   : Running with Spring Boot v1.5.4.RELEASE, Spring v4.3.9.RELEASE
2019-03-04 15:18:48.235  INFO 9498 --- [main] com.hmpo.hmdemo.HmdemoApplicationTests   : No active profile set, falling back to default profiles: default
2019-03-04 15:18:49.874  INFO 9498 --- [main] com.hmpo.hmdemo.HmdemoApplicationTests   : Started HmdemoApplicationTests in 1.862 seconds (JVM running for 2.509)
2019-03-04 15:23:23.084  INFO 9695 --- [main] com.hmpo.hmdemo.HmdemoApplicationTests   : Starting HmdemoApplicationTests on hmpo-62rnpn2.managed.hmpo.net with PID 9695 (started by satyajitsingh in /home/satyajitsingh/eclipse-workspace/hmdemo)
2019-03-04 15:23:23.084 DEBUG 9695 --- [main] com.hmpo.hmdemo.HmdemoApplicationTests   : Running with Spring Boot v1.5.4.RELEASE, Spring v4.3.9.RELEASE
2019-03-04 15:23:23.084  INFO 9695 --- [main] com.hmpo.hmdemo.HmdemoApplicationTests   : No active profile set, falling back to default profiles: default
2019-03-04 15:23:24.358  INFO 9695 --- [main] com.hmpo.hmdemo.HmdemoApplicationTests   : Started HmdemoApplicationTests in 1.433 seconds (JVM running for 2.123)
2019-03-04 16:09:56.992  INFO 12375 --- [main] com.hmpo.hmdemo.HmdemoApplicationTests   : Starting HmdemoApplicationTests on hmpo-62rnpn2.managed.hmpo.net with PID 12375 (started by satyajitsingh in /home/satyajitsingh/eclipse-workspace/hmdemo)
2019-03-04 16:09:56.993 DEBUG 12375 --- [main] com.hmpo.hmdemo.HmdemoApplicationTests   : Running with Spring Boot v1.5.4.RELEASE, Spring v4.3.9.RELEASE
2019-03-04 16:09:56.993  INFO 12375 --- [main] com.hmpo.hmdemo.HmdemoApplicationTests   : No active profile set, falling back to default profiles: default
2019-03-04 16:09:58.320  INFO 12375 --- [main] com.hmpo.hmdemo.HmdemoApplicationTests   : Started HmdemoApplicationTests in 1.497 seconds (JVM running for 2.261)
2019-03-04 16:11:20.346  INFO 8897 --- [Thread-4] ationConfigEmbeddedWebApplicationContext : Closing org.springframework.boot.context.embedded.AnnotationConfigEmbeddedWebApplicationContext@78a2da20: startup date [Mon Mar 04 15:07:14 GMT 2019]; root of context hierarchy
2019-03-04 16:11:20.350  INFO 8897 --- [Thread-4] o.s.j.e.a.AnnotationMBeanExporter        : Unregistering JMX-exposed beans on shutdown
